<?xml version="1.0" encoding="UTF-8"?>
<testng-results ignored="0" total="5" passed="5" failed="0" skipped="0">
  <reporter-output>
  </reporter-output>
  <suite started-at="2022-10-12T15:27:52 EDT" name="Surefire suite" finished-at="2022-10-12T15:28:15 EDT" duration-ms="22895">
    <groups>
      <group name="cucumber">
        <method signature="AbstractTestNGCucumberTests.runScenario(io.cucumber.testng.PickleWrapper, io.cucumber.testng.FeatureWrapper)[pri:0, instance:smgmt.runner.TestRunner@5eb97ced]" name="runScenario" class="io.cucumber.testng.AbstractTestNGCucumberTests"/>
      </group> <!-- cucumber -->
    </groups>
    <test started-at="2022-10-12T15:27:52 EDT" name="Surefire test" finished-at="2022-10-12T15:28:15 EDT" duration-ms="22895">
      <class name="smgmt.runner.TestRunner">
        <test-method is-config="true" signature="setUpClass()[pri:0, instance:smgmt.runner.TestRunner@5eb97ced]" started-at="2022-10-12T15:27:52 EDT" name="setUpClass" finished-at="2022-10-12T15:27:53 EDT" duration-ms="1266" status="PASS">
          <reporter-output>
          </reporter-output>
        </test-method> <!-- setUpClass -->
        <test-method signature="runScenario(io.cucumber.testng.PickleWrapper, io.cucumber.testng.FeatureWrapper)[pri:0, instance:smgmt.runner.TestRunner@5eb97ced]" started-at="2022-10-12T15:27:53 EDT" name="runScenario" description="Runs Cucumber Scenarios" data-provider="scenarios" finished-at="2022-10-12T15:27:59 EDT" duration-ms="5751" status="PASS">
          <params>
            <param index="0">
              <value>
                <![CDATA["Add a new Student"]]>
              </value>
            </param>
            <param index="1">
              <value>
                <![CDATA["Optional[Student Management API Test Automation]"]]>
              </value>
            </param>
          </params>
          <reporter-output>
          </reporter-output>
        </test-method> <!-- runScenario -->
        <test-method signature="runScenario(io.cucumber.testng.PickleWrapper, io.cucumber.testng.FeatureWrapper)[pri:0, instance:smgmt.runner.TestRunner@5eb97ced]" started-at="2022-10-12T15:27:59 EDT" name="runScenario" description="Runs Cucumber Scenarios" data-provider="scenarios" finished-at="2022-10-12T15:28:01 EDT" duration-ms="1859" status="PASS">
          <params>
            <param index="0">
              <value>
                <![CDATA["Fetch a existing Student"]]>
              </value>
            </param>
            <param index="1">
              <value>
                <![CDATA["Optional[Student Management API Test Automation]"]]>
              </value>
            </param>
          </params>
          <reporter-output>
          </reporter-output>
        </test-method> <!-- runScenario -->
        <test-method signature="runScenario(io.cucumber.testng.PickleWrapper, io.cucumber.testng.FeatureWrapper)[pri:0, instance:smgmt.runner.TestRunner@5eb97ced]" started-at="2022-10-12T15:28:01 EDT" name="runScenario" description="Runs Cucumber Scenarios" data-provider="scenarios" finished-at="2022-10-12T15:28:01 EDT" duration-ms="49" status="PASS">
          <params>
            <param index="0">
              <value>
                <![CDATA["Update a Student"]]>
              </value>
            </param>
            <param index="1">
              <value>
                <![CDATA["Optional[Student Management API Test Automation]"]]>
              </value>
            </param>
          </params>
          <reporter-output>
          </reporter-output>
        </test-method> <!-- runScenario -->
        <test-method signature="runScenario(io.cucumber.testng.PickleWrapper, io.cucumber.testng.FeatureWrapper)[pri:0, instance:smgmt.runner.TestRunner@5eb97ced]" started-at="2022-10-12T15:28:01 EDT" name="runScenario" description="Runs Cucumber Scenarios" data-provider="scenarios" finished-at="2022-10-12T15:28:01 EDT" duration-ms="39" status="PASS">
          <params>
            <param index="0">
              <value>
                <![CDATA["Delete a Student"]]>
              </value>
            </param>
            <param index="1">
              <value>
                <![CDATA["Optional[Student Management API Test Automation]"]]>
              </value>
            </param>
          </params>
          <reporter-output>
          </reporter-output>
        </test-method> <!-- runScenario -->
        <test-method signature="runScenario(io.cucumber.testng.PickleWrapper, io.cucumber.testng.FeatureWrapper)[pri:0, instance:smgmt.runner.TestRunner@5eb97ced]" started-at="2022-10-12T15:28:01 EDT" name="runScenario" description="Runs Cucumber Scenarios" data-provider="scenarios" finished-at="2022-10-12T15:28:15 EDT" duration-ms="13549" status="PASS">
          <params>
            <param index="0">
              <value>
                <![CDATA["Login in user module"]]>
              </value>
            </param>
            <param index="1">
              <value>
                <![CDATA["Optional[User Login]"]]>
              </value>
            </param>
          </params>
          <reporter-output>
          </reporter-output>
        </test-method> <!-- runScenario -->
        <test-method is-config="true" signature="tearDownClass()[pri:0, instance:smgmt.runner.TestRunner@5eb97ced]" started-at="2022-10-12T15:28:15 EDT" name="tearDownClass" finished-at="2022-10-12T15:28:15 EDT" duration-ms="22" status="PASS">
          <reporter-output>
          </reporter-output>
        </test-method> <!-- tearDownClass -->
      </class> <!-- smgmt.runner.TestRunner -->
    </test> <!-- Surefire test -->
  </suite> <!-- Surefire suite -->
</testng-results>
