<?xml version="1.0" encoding="UTF-8"?>
<testsuite xmlns:xsi="http://www.w3.org/2001/XMLSchema-instance" xsi:schemaLocation="https://maven.apache.org/surefire/maven-surefire-plugin/xsd/surefire-test-report.xsd" name="TestSuite" time="25.731" tests="5" errors="0" skipped="0" failures="0">
  <properties>
[...]
</properties>
  <testcase name="runScenario" classname="smgmt.runner.TestRunner" time="5.758"/>
  <testcase name="runScenario" classname="smgmt.runner.TestRunner" time="1.859"/>
  <testcase name="runScenario" classname="smgmt.runner.TestRunner" time="0.05"/>
  <testcase name="runScenario" classname="smgmt.runner.TestRunner" time="0.039"/>
  <testcase name="runScenario" classname="smgmt.runner.TestRunner" time="13.549"/>
</testsuite>